Removed Pin From Net: NetName=+15V Pin=D1-1
Removed Pin From Net: NetName=NetC2_1 Pin=D1-2
Removed Pin From Net: NetName=NetC2_1 Pin=D2-1
Removed Pin From Net: NetName=NetC4_1 Pin=D2-2
Change Component Footprint: Designator=D1 Old Footprint=DIOAD1408W86L464D236 New Footprint=NXP-SOD27-2_V
Change Component Footprint: Designator=D2 Old Footprint=DIOAD1408W86L464D236 New Footprint=NXP-SOD27-2_V
Change Component Comment : Designator=D1 Old Comment=1N4004-T New Comment=1N4148
Change Component Comment : Designator=D2 Old Comment=1N4004-T New Comment=1N4148
Change Managed Component Library Link : Designator=D1 Old VaultGUID= New VaultGUID=05290BF9-668C-411F-965C-E968A0FE24F8 Old ItemGUID= New ItemGUID=3CAE8DD9-EDFB-473F-A0D7-10F719B719EB Old RevisionGUID= New RevisionGUID=18C59238-72BB-45DA-A398-33E2105AC498
Change Managed Component Library Link : Designator=D2 Old VaultGUID= New VaultGUID=05290BF9-668C-411F-965C-E968A0FE24F8 Old ItemGUID= New ItemGUID=3CAE8DD9-EDFB-473F-A0D7-10F719B719EB Old RevisionGUID= New RevisionGUID=18C59238-72BB-45DA-A398-33E2105AC498
Change component parameters: Designator = "D1" ("D1"); Footprint = "DIOAD1408W86L464D236"; UniqueID = "\JJUHHQSJ" ("\JJUHHQSJ")
Change component parameters (AddParameter): Name = "Case/Package"; Value = "DO"; VariantName = "[No Variations]"
Change component parameters (AddParameter): Name = "Datasheet URL"; Value = "http://www.nxp.com/documents/data_sheet/1N4148_1N4448.pdf"; VariantName = "[No Variations]"
Change component parameters (AddParameter): Name = "Datasheet Version"; Value = "Aug-04"; VariantName = "[No Variations]"
Change component parameters (AddParameter): Name = "Diameter"; Value = "1.91mm"; VariantName = "[No Variations]"
Change component parameters (AddParameter): Name = "Elements"; Value = "1"; VariantName = "[No Variations]"
Change component parameters (AddParameter): Name = "Forward Current"; Value = "300mA"; VariantName = "[No Variations]"
Change component parameters (AddParameter): Name = "Forward Voltage"; Value = "1V"; VariantName = "[No Variations]"
Change component parameters (AddParameter): Name = "Manufacturer"; Value = "Fairchild"; VariantName = "[No Variations]"
Change component parameters (AddParameter): Name = "Manufacturer URL"; Value = "https://www.fairchildsemi.com/"; VariantName = "[No Variations]"
Change component parameters (AddParameter): Name = "Max Operating Temperature"; Value = "175°C"; VariantName = "[No Variations]"
Change component parameters (AddParameter): Name = "Max Surge Current"; Value = "4A"; VariantName = "[No Variations]"
Change component parameters (AddParameter): Name = "Min Operating Temperature"; Value = "-65°C"; VariantName = "[No Variations]"
Change component parameters (AddParameter): Name = "Mounting Technology"; Value = ""; VariantName = "[No Variations]"
Change component parameters (AddParameter): Name = "Package Quantity"; Value = "2000"; VariantName = "[No Variations]"
Change component parameters (AddParameter): Name = "Package Reference"; Value = "SOD27"; VariantName = "[No Variations]"
Change component parameters (AddParameter): Name = "Package URL"; Value = "http://www.nxp.com/documents/data_sheet/1N4148_1N4448.pdf"; VariantName = "[No Variations]"
Change component parameters (AddParameter): Name = "Packaging"; Value = "Bulk"; VariantName = "[No Variations]"
Change component parameters (AddParameter): Name = "Peak Inverse Voltage"; Value = ""; VariantName = "[No Variations]"
Change component parameters (AddParameter): Name = "Peak Reverse Current"; Value = "5uA"; VariantName = "[No Variations]"
Change component parameters (AddParameter): Name = "Pins"; Value = "2"; VariantName = "[No Variations]"
Change component parameters (AddParameter): Name = "Power"; Value = "500mW"; VariantName = "[No Variations]"
Change component parameters (AddParameter): Name = "Recovery Time"; Value = "4ns"; VariantName = "[No Variations]"
Change component parameters (AddParameter): Name = "RoHS Compliant"; Value = "True"; VariantName = "[No Variations]"
Change component parameters: Designator = "D2" ("D2"); Footprint = "DIOAD1408W86L464D236"; UniqueID = "\IEXFRPAW" ("\IEXFRPAW")
Change component parameters (AddParameter): Name = "Case/Package"; Value = "DO"; VariantName = "[No Variations]"
Change component parameters (AddParameter): Name = "Datasheet URL"; Value = "http://www.nxp.com/documents/data_sheet/1N4148_1N4448.pdf"; VariantName = "[No Variations]"
Change component parameters (AddParameter): Name = "Datasheet Version"; Value = "Aug-04"; VariantName = "[No Variations]"
Change component parameters (AddParameter): Name = "Diameter"; Value = "1.91mm"; VariantName = "[No Variations]"
Change component parameters (AddParameter): Name = "Elements"; Value = "1"; VariantName = "[No Variations]"
Change component parameters (AddParameter): Name = "Forward Current"; Value = "300mA"; VariantName = "[No Variations]"
Change component parameters (AddParameter): Name = "Forward Voltage"; Value = "1V"; VariantName = "[No Variations]"
Change component parameters (AddParameter): Name = "Manufacturer"; Value = "Fairchild"; VariantName = "[No Variations]"
Change component parameters (AddParameter): Name = "Manufacturer URL"; Value = "https://www.fairchildsemi.com/"; VariantName = "[No Variations]"
Change component parameters (AddParameter): Name = "Max Operating Temperature"; Value = "175°C"; VariantName = "[No Variations]"
Change component parameters (AddParameter): Name = "Max Surge Current"; Value = "4A"; VariantName = "[No Variations]"
Change component parameters (AddParameter): Name = "Min Operating Temperature"; Value = "-65°C"; VariantName = "[No Variations]"
Change component parameters (AddParameter): Name = "Mounting Technology"; Value = ""; VariantName = "[No Variations]"
Change component parameters (AddParameter): Name = "Package Quantity"; Value = "2000"; VariantName = "[No Variations]"
Change component parameters (AddParameter): Name = "Package Reference"; Value = "SOD27"; VariantName = "[No Variations]"
Change component parameters (AddParameter): Name = "Package URL"; Value = "http://www.nxp.com/documents/data_sheet/1N4148_1N4448.pdf"; VariantName = "[No Variations]"
Change component parameters (AddParameter): Name = "Packaging"; Value = "Bulk"; VariantName = "[No Variations]"
Change component parameters (AddParameter): Name = "Peak Inverse Voltage"; Value = ""; VariantName = "[No Variations]"
Change component parameters (AddParameter): Name = "Peak Reverse Current"; Value = "5uA"; VariantName = "[No Variations]"
Change component parameters (AddParameter): Name = "Pins"; Value = "2"; VariantName = "[No Variations]"
Change component parameters (AddParameter): Name = "Power"; Value = "500mW"; VariantName = "[No Variations]"
Change component parameters (AddParameter): Name = "Recovery Time"; Value = "4ns"; VariantName = "[No Variations]"
Change component parameters (AddParameter): Name = "RoHS Compliant"; Value = "True"; VariantName = "[No Variations]"
Added Pin To Net: NetName=NetC2_1 Pin=D1-1
Added Pin To Net: NetName=+15V Pin=D1-2
Added Pin To Net: NetName=NetC4_1 Pin=D2-1
Added Pin To Net: NetName=NetC2_1 Pin=D2-2
Added Room: Name=Sheet1
